<?xml version="1.0" encoding="UTF-8"?>
<!-- Generated by org.testng.reporters.JUnitReportReporter -->
<testsuite hostname="DESKTOP-7LDPBGD" failures="1" tests="1" name="aboutYou.AboutYouTest" time="104.149" errors="0" timestamp="2022-11-12T21:56:28 EST" skipped="0">
  <testcase classname="aboutYou.AboutYouTest" name="aboutYouTest" time="104.149">
    <failure message="null" type="java.lang.AssertionError">
      <![CDATA[java.lang.AssertionError: null
at org.testng.Assert.fail(Assert.java:110)
at org.testng.Assert.fail(Assert.java:115)
at common.CommonActions.input(CommonActions.java:30)
at pages.AboutYou.aboutYouSteps(AboutYou.java:28)
at aboutYou.AboutYouTest.aboutYouTest(AboutYouTest.java:11)
at java.base/jdk.internal.reflect.NativeMethodAccessorImpl.invoke0(Native Method)
at java.base/jdk.internal.reflect.NativeMethodAccessorImpl.invoke(NativeMethodAccessorImpl.java:77)
at java.base/jdk.internal.reflect.DelegatingMethodAccessorImpl.invoke(DelegatingMethodAccessorImpl.java:43)
at java.base/java.lang.reflect.Method.invoke(Method.java:568)
at org.testng.internal.invokers.MethodInvocationHelper.invokeMethod(MethodInvocationHelper.java:139)
at org.testng.internal.invokers.TestInvoker.invokeMethod(TestInvoker.java:677)
at org.testng.internal.invokers.TestInvoker.invokeTestMethod(TestInvoker.java:221)
at org.testng.internal.invokers.MethodRunner.runInSequence(MethodRunner.java:50)
at org.testng.internal.invokers.TestInvoker$MethodInvocationAgent.invoke(TestInvoker.java:962)
at org.testng.internal.invokers.TestInvoker.invokeTestMethods(TestInvoker.java:194)
at org.testng.internal.invokers.TestMethodWorker.invokeTestMethods(TestMethodWorker.java:148)
at org.testng.internal.invokers.TestMethodWorker.run(TestMethodWorker.java:128)
at java.base/java.util.ArrayList.forEach(ArrayList.java:1511)
at org.testng.TestRunner.privateRun(TestRunner.java:806)
at org.testng.TestRunner.run(TestRunner.java:601)
at org.testng.SuiteRunner.runTest(SuiteRunner.java:433)
at org.testng.SuiteRunner.runSequentially(SuiteRunner.java:427)
at org.testng.SuiteRunner.privateRun(SuiteRunner.java:387)
at org.testng.SuiteRunner.run(SuiteRunner.java:330)
at org.testng.SuiteRunnerWorker.runSuite(SuiteRunnerWorker.java:52)
at org.testng.SuiteRunnerWorker.run(SuiteRunnerWorker.java:95)
at org.testng.TestNG.runSuitesSequentially(TestNG.java:1256)
at org.testng.TestNG.runSuitesLocally(TestNG.java:1176)
at org.testng.TestNG.runSuites(TestNG.java:1099)
at org.testng.TestNG.run(TestNG.java:1067)
at org.testng.remote.AbstractRemoteTestNG.run(AbstractRemoteTestNG.java:115)
at org.testng.remote.RemoteTestNG.initAndRun(RemoteTestNG.java:251)
at org.testng.remote.RemoteTestNG.main(RemoteTestNG.java:77)
]]>
    </failure>
  </testcase> <!-- aboutYouTest -->
  <system-out>
    <![CDATA[[[ChromeDriver: chrome on WINDOWS (cbde0bff81c649d75ceb9699689ac737)] -> xpath: (//span[text()='Auto'])[1]] <--- has been clicked<br>
[[ChromeDriver: chrome on WINDOWS (cbde0bff81c649d75ceb9699689ac737)] -> xpath: (//span[@class='mdc-list-item__text'])[2]] <--- has been clicked<br>
11230 : has been passed to ---> [[ChromeDriver: chrome on WINDOWS (cbde0bff81c649d75ceb9699689ac737)] -> xpath: (//input[@class='mdc-text-field__input input__input '])[1]]<br>
Proxy element for: DefaultElementLocator 'By.xpath: (//span[text()='GET A QUOTE'])[3]' <--- has been clicked<br>
ELEMENT NOT FOUND ---> Proxy element for: DefaultElementLocator 'By.className: input FocusOff'<br>]]>
  </system-out>
</testsuite> <!-- aboutYou.AboutYouTest -->
